# JRE version: OpenJDK Runtime Environment Temurin-21.0.11+10 (21.0.11+10) (build 21.0.11+10-LTS)
# Java VM: OpenJDK 64-Bit Server VM Temurin-21.0.11+10 (21.0.11+10-LTS, mixed mode, sharing, tiered, compressed oops, compressed class ptrs, g1 gc, windows-amd64)
GC Precious Log:
 CardTable entry size: 512
 Card Set container configuration: InlinePtr #cards 5 size 8 Array Of Cards #cards 12 size 40 Howl #buckets 4 coarsen threshold 1843 Howl Bitmap #cards 512 size 80 coarsen threshold 460 Card regions per heap region 1 cards per card region 2048
 CPUs: 12 total, 12 available
 Memory: 16024M
 Large Page Support: Disabled
 NUMA Support: Disabled
 Compressed Oops: Enabled (32-bit)
 Heap Region Size: 1M
 Heap Min Capacity: 128M
 Heap Initial Capacity: 128M
 Heap Max Capacity: 512M
 Pre-touch: Disabled
 Parallel Workers: 10
 Concurrent Workers: 3
 Concurrent Refinement Workers: 10
 Periodic GC: Disabled
Heap:
 garbage-first heap   total 215040K, used 120829K [0x00000000e0000000, 0x0000000100000000)
  region size 1024K, 54 young (55296K), 7 survivors (7168K)
 Metaspace       used 67979K, committed 69440K, reserved 278528K
  class space    used 7213K, committed 7808K, reserved 212992K
GC Heap History (20 events):
Event: 31.413 GC heap before
{Heap before GC invocations=28 (full 0):
 garbage-first heap   total 135168K, used 126039K [0x00000000e0000000, 0x0000000100000000)
  region size 1024K, 65 young (66560K), 4 survivors (4096K)
 Metaspace       used 61291K, committed 62784K, reserved 278528K
  class space    used 6527K, committed 7168K, reserved 212992K
}
Event: 31.415 GC heap after
{Heap after GC invocations=29 (full 0):
 garbage-first heap   total 135168K, used 64170K [0x00000000e0000000, 0x0000000100000000)
  region size 1024K, 5 young (5120K), 5 survivors (5120K)
 Metaspace       used 61291K, committed 62784K, reserved 278528K
  class space    used 6527K, committed 7168K, reserved 212992K
}
Event: 31.458 GC heap before
{Heap before GC invocations=30 (full 0):
 garbage-first heap   total 135168K, used 125610K [0x00000000e0000000, 0x0000000100000000)
  region size 1024K, 65 young (66560K), 5 survivors (5120K)
 Metaspace       used 61323K, committed 62784K, reserved 278528K
  class space    used 6531K, committed 7168K, reserved 212992K
}
Event: 31.460 GC heap after
{Heap after GC invocations=31 (full 0):
 garbage-first heap   total 135168K, used 64402K [0x00000000e0000000, 0x0000000100000000)
  region size 1024K, 5 young (5120K), 5 survivors (5120K)
 Metaspace       used 61323K, committed 62784K, reserved 278528K
  class space    used 6531K, committed 7168K, reserved 212992K
}
Event: 31.512 GC heap before
{Heap before GC invocations=31 (full 0):
 garbage-first heap   total 135168K, used 124818K [0x00000000e0000000, 0x0000000100000000)
  region size 1024K, 65 young (66560K), 5 survivors (5120K)
 Metaspace       used 61352K, committed 62848K, reserved 278528K
  class space    used 6533K, committed 7168K, reserved 212992K
}
Event: 31.514 GC heap after
{Heap after GC invocations=32 (full 0):
 garbage-first heap   total 135168K, used 63802K [0x00000000e0000000, 0x0000000100000000)
  region size 1024K, 6 young (6144K), 6 survivors (6144K)
 Metaspace       used 61352K, committed 62848K, reserved 278528K
  class space    used 6533K, committed 7168K, reserved 212992K
}
Event: 31.562 GC heap before
{Heap before GC invocations=32 (full 0):
 garbage-first heap   total 135168K, used 125242K [0x00000000e0000000, 0x0000000100000000)
  region size 1024K, 66 young (67584K), 6 survivors (6144K)
 Metaspace       used 61382K, committed 62848K, reserved 278528K
  class space    used 6533K, committed 7168K, reserved 212992K
}
Event: 31.564 GC heap after
{Heap after GC invocations=33 (full 0):
 garbage-first heap   total 135168K, used 64852K [0x00000000e0000000, 0x0000000100000000)
  region size 1024K, 6 young (6144K), 6 survivors (6144K)
 Metaspace       used 61382K, committed 62848K, reserved 278528K
  class space    used 6533K, committed 7168K, reserved 212992K
}
Event: 31.613 GC heap before
{Heap before GC invocations=34 (full 0):
 garbage-first heap   total 135168K, used 125268K [0x00000000e0000000, 0x0000000100000000)
  region size 1024K, 66 young (67584K), 6 survivors (6144K)
 Metaspace       used 61562K, committed 63040K, reserved 278528K
  class space    used 6553K, committed 7168K, reserved 212992K
}
Event: 31.617 GC heap after
{Heap after GC invocations=35 (full 0):
 garbage-first heap   total 136192K, used 67369K [0x00000000e0000000, 0x0000000100000000)
  region size 1024K, 8 young (8192K), 8 survivors (8192K)
 Metaspace       used 61562K, committed 63040K, reserved 278528K
  class space    used 6553K, committed 7168K, reserved 212992K
}
Event: 31.647 GC heap before
{Heap before GC invocations=35 (full 0):
 garbage-first heap   total 136192K, used 125737K [0x00000000e0000000, 0x0000000100000000)
  region size 1024K, 66 young (67584K), 8 survivors (8192K)
 Metaspace       used 61772K, committed 63232K, reserved 278528K
  class space    used 6574K, committed 7168K, reserved 212992K
}
Event: 31.650 GC heap after
{Heap after GC invocations=36 (full 0):
 garbage-first heap   total 137216K, used 67209K [0x00000000e0000000, 0x0000000100000000)
  region size 1024K, 5 young (5120K), 5 survivors (5120K)
 Metaspace       used 61772K, committed 63232K, reserved 278528K
  class space    used 6574K, committed 7168K, reserved 212992K
}
Event: 31.678 GC heap before
{Heap before GC invocations=36 (full 0):
 garbage-first heap   total 137216K, used 127625K [0x00000000e0000000, 0x0000000100000000)
  region size 1024K, 65 young (66560K), 5 survivors (5120K)
 Metaspace       used 61826K, committed 63360K, reserved 278528K
  class space    used 6579K, committed 7232K, reserved 212992K
}
Event: 31.682 GC heap after
{Heap after GC invocations=37 (full 0):
 garbage-first heap   total 215040K, used 68144K [0x00000000e0000000, 0x0000000100000000)
  region size 1024K, 6 young (6144K), 6 survivors (6144K)
 Metaspace       used 61826K, committed 63360K, reserved 278528K
  class space    used 6579K, committed 7232K, reserved 212992K
}
Event: 32.033 GC heap before
{Heap before GC invocations=38 (full 0):
 garbage-first heap   total 215040K, used 192048K [0x00000000e0000000, 0x0000000100000000)
  region size 1024K, 126 young (129024K), 6 survivors (6144K)
 Metaspace       used 61844K, committed 63360K, reserved 278528K
  class space    used 6579K, committed 7232K, reserved 212992K
}
Event: 32.037 GC heap after
{Heap after GC invocations=39 (full 0):
 garbage-first heap   total 215040K, used 70737K [0x00000000e0000000, 0x0000000100000000)
  region size 1024K, 8 young (8192K), 8 survivors (8192K)
 Metaspace       used 61844K, committed 63360K, reserved 278528K
  class space    used 6579K, committed 7232K, reserved 212992K
}
Event: 32.900 GC heap before
{Heap before GC invocations=39 (full 0):
 garbage-first heap   total 215040K, used 190545K [0x00000000e0000000, 0x0000000100000000)
  region size 1024K, 126 young (129024K), 8 survivors (8192K)
 Metaspace       used 63075K, committed 64512K, reserved 278528K
  class space    used 6750K, committed 7360K, reserved 212992K
}
Event: 32.904 GC heap after
{Heap after GC invocations=40 (full 0):
 garbage-first heap   total 215040K, used 76115K [0x00000000e0000000, 0x0000000100000000)
  region size 1024K, 13 young (13312K), 13 survivors (13312K)
 Metaspace       used 63075K, committed 64512K, reserved 278528K
  class space    used 6750K, committed 7360K, reserved 212992K
}
Event: 33.096 GC heap before
{Heap before GC invocations=40 (full 0):
 garbage-first heap   total 215040K, used 111955K [0x00000000e0000000, 0x0000000100000000)
  region size 1024K, 50 young (51200K), 13 survivors (13312K)
 Metaspace       used 66024K, committed 67584K, reserved 278528K
  class space    used 7059K, committed 7680K, reserved 212992K
}
Event: 33.100 GC heap after
{Heap after GC invocations=41 (full 0):
 garbage-first heap   total 215040K, used 71677K [0x00000000e0000000, 0x0000000100000000)
  region size 1024K, 7 young (7168K), 7 survivors (7168K)
 Metaspace       used 66024K, committed 67584K, reserved 278528K
  class space    used 7059K, committed 7680K, reserved 212992K
}

