# JRE version: OpenJDK Runtime Environment Temurin-21.0.11+10 (21.0.11+10) (build 21.0.11+10-LTS)
# Java VM: OpenJDK 64-Bit Server VM Temurin-21.0.11+10 (21.0.11+10-LTS, mixed mode, sharing, tiered, compressed oops, compressed class ptrs, g1 gc, windows-amd64)
GC Precious Log:
 CardTable entry size: 512
 Card Set container configuration: InlinePtr #cards 5 size 8 Array Of Cards #cards 12 size 40 Howl #buckets 4 coarsen threshold 1843 Howl Bitmap #cards 512 size 80 coarsen threshold 460 Card regions per heap region 1 cards per card region 2048
 CPUs: 12 total, 12 available
 Memory: 16024M
 Large Page Support: Disabled
 NUMA Support: Disabled
 Compressed Oops: Enabled (32-bit)
 Heap Region Size: 1M
 Heap Min Capacity: 128M
 Heap Initial Capacity: 128M
 Heap Max Capacity: 512M
 Pre-touch: Disabled
 Parallel Workers: 10
 Concurrent Workers: 3
 Concurrent Refinement Workers: 10
 Periodic GC: Disabled
Heap:
 garbage-first heap   total 131072K, used 36343K [0x00000000e0000000, 0x0000000100000000)
  region size 1024K, 22 young (22528K), 6 survivors (6144K)
 Metaspace       used 36485K, committed 37760K, reserved 278528K
  class space    used 3800K, committed 4352K, reserved 212992K
GC Heap History (14 events):
Event: 0.442 GC heap before
{Heap before GC invocations=0 (full 0):
 garbage-first heap   total 131072K, used 22528K [0x00000000e0000000, 0x0000000100000000)
  region size 1024K, 23 young (23552K), 0 survivors (0K)
 Metaspace       used 4111K, committed 4416K, reserved 278528K
  class space    used 453K, committed 576K, reserved 212992K
}
Event: 0.445 GC heap after
{Heap after GC invocations=1 (full 0):
 garbage-first heap   total 131072K, used 3795K [0x00000000e0000000, 0x0000000100000000)
  region size 1024K, 3 young (3072K), 3 survivors (3072K)
 Metaspace       used 4111K, committed 4416K, reserved 278528K
  class space    used 453K, committed 576K, reserved 212992K
}
Event: 0.953 GC heap before
{Heap before GC invocations=1 (full 0):
 garbage-first heap   total 131072K, used 35539K [0x00000000e0000000, 0x0000000100000000)
  region size 1024K, 35 young (35840K), 3 survivors (3072K)
 Metaspace       used 8769K, committed 9088K, reserved 278528K
  class space    used 934K, committed 1088K, reserved 212992K
}
Event: 0.958 GC heap after
{Heap after GC invocations=2 (full 0):
 garbage-first heap   total 131072K, used 7067K [0x00000000e0000000, 0x0000000100000000)
  region size 1024K, 4 young (4096K), 4 survivors (4096K)
 Metaspace       used 8769K, committed 9088K, reserved 278528K
  class space    used 934K, committed 1088K, reserved 212992K
}
Event: 4.829 GC heap before
{Heap before GC invocations=2 (full 0):
 garbage-first heap   total 131072K, used 79771K [0x00000000e0000000, 0x0000000100000000)
  region size 1024K, 76 young (77824K), 4 survivors (4096K)
 Metaspace       used 15931K, committed 16576K, reserved 278528K
  class space    used 1651K, committed 1920K, reserved 212992K
}
Event: 4.834 GC heap after
{Heap after GC invocations=3 (full 0):
 garbage-first heap   total 131072K, used 13123K [0x00000000e0000000, 0x0000000100000000)
  region size 1024K, 10 young (10240K), 10 survivors (10240K)
 Metaspace       used 15931K, committed 16576K, reserved 278528K
  class space    used 1651K, committed 1920K, reserved 212992K
}
Event: 6.038 GC heap before
{Heap before GC invocations=3 (full 0):
 garbage-first heap   total 131072K, used 57155K [0x00000000e0000000, 0x0000000100000000)
  region size 1024K, 54 young (55296K), 10 survivors (10240K)
 Metaspace       used 20665K, committed 21504K, reserved 278528K
  class space    used 2213K, committed 2560K, reserved 212992K
}
Event: 6.043 GC heap after
{Heap after GC invocations=4 (full 0):
 garbage-first heap   total 131072K, used 14700K [0x00000000e0000000, 0x0000000100000000)
  region size 1024K, 3 young (3072K), 3 survivors (3072K)
 Metaspace       used 20665K, committed 21504K, reserved 278528K
  class space    used 2213K, committed 2560K, reserved 212992K
}
Event: 7.228 GC heap before
{Heap before GC invocations=5 (full 0):
 garbage-first heap   total 131072K, used 90476K [0x00000000e0000000, 0x0000000100000000)
  region size 1024K, 76 young (77824K), 3 survivors (3072K)
 Metaspace       used 28132K, committed 29120K, reserved 278528K
  class space    used 2784K, committed 3200K, reserved 212992K
}
Event: 7.230 GC heap after
{Heap after GC invocations=6 (full 0):
 garbage-first heap   total 131072K, used 18535K [0x00000000e0000000, 0x0000000100000000)
  region size 1024K, 5 young (5120K), 5 survivors (5120K)
 Metaspace       used 28132K, committed 29120K, reserved 278528K
  class space    used 2784K, committed 3200K, reserved 212992K
}
Event: 8.720 GC heap before
{Heap before GC invocations=6 (full 0):
 garbage-first heap   total 131072K, used 66663K [0x00000000e0000000, 0x0000000100000000)
  region size 1024K, 54 young (55296K), 5 survivors (5120K)
 Metaspace       used 34845K, committed 35968K, reserved 278528K
  class space    used 3604K, committed 4096K, reserved 212992K
}
Event: 8.724 GC heap after
{Heap after GC invocations=7 (full 0):
 garbage-first heap   total 131072K, used 21177K [0x00000000e0000000, 0x0000000100000000)
  region size 1024K, 7 young (7168K), 7 survivors (7168K)
 Metaspace       used 34845K, committed 35968K, reserved 278528K
  class space    used 3604K, committed 4096K, reserved 212992K
}
Event: 9.747 GC heap before
{Heap before GC invocations=7 (full 0):
 garbage-first heap   total 131072K, used 24249K [0x00000000e0000000, 0x0000000100000000)
  region size 1024K, 11 young (11264K), 7 survivors (7168K)
 Metaspace       used 35174K, committed 36288K, reserved 278528K
  class space    used 3633K, committed 4096K, reserved 212992K
}
Event: 9.750 GC heap after
{Heap after GC invocations=8 (full 0):
 garbage-first heap   total 131072K, used 22007K [0x00000000e0000000, 0x0000000100000000)
  region size 1024K, 6 young (6144K), 6 survivors (6144K)
 Metaspace       used 35174K, committed 36288K, reserved 278528K
  class space    used 3633K, committed 4096K, reserved 212992K
}

