# JRE version: OpenJDK Runtime Environment Temurin-21.0.11+10 (21.0.11+10) (build 21.0.11+10-LTS)
# Java VM: OpenJDK 64-Bit Server VM Temurin-21.0.11+10 (21.0.11+10-LTS, mixed mode, sharing, tiered, compressed oops, compressed class ptrs, g1 gc, windows-amd64)
GC Precious Log:
 CardTable entry size: 512
 Card Set container configuration: InlinePtr #cards 5 size 8 Array Of Cards #cards 12 size 40 Howl #buckets 4 coarsen threshold 1843 Howl Bitmap #cards 512 size 80 coarsen threshold 460 Card regions per heap region 1 cards per card region 2048
 CPUs: 12 total, 12 available
 Memory: 16024M
 Large Page Support: Disabled
 NUMA Support: Disabled
 Compressed Oops: Enabled (32-bit)
 Heap Region Size: 1M
 Heap Min Capacity: 128M
 Heap Initial Capacity: 128M
 Heap Max Capacity: 512M
 Pre-touch: Disabled
 Parallel Workers: 10
 Concurrent Workers: 3
 Concurrent Refinement Workers: 10
 Periodic GC: Disabled
Heap:
 garbage-first heap   total 150528K, used 88863K [0x00000000e0000000, 0x0000000100000000)
  region size 1024K, 19 young (19456K), 7 survivors (7168K)
 Metaspace       used 71833K, committed 73536K, reserved 344064K
  class space    used 7492K, committed 8256K, reserved 212992K
GC Heap History (20 events):
Event: 7.114 GC heap before
{Heap before GC invocations=18 (full 0):
 garbage-first heap   total 131072K, used 120670K [0x00000000e0000000, 0x0000000100000000)
  region size 1024K, 66 young (67584K), 6 survivors (6144K)
 Metaspace       used 58172K, committed 59584K, reserved 278528K
  class space    used 6286K, committed 6912K, reserved 212992K
}
Event: 7.118 GC heap after
{Heap after GC invocations=19 (full 0):
 garbage-first heap   total 132096K, used 63765K [0x00000000e0000000, 0x0000000100000000)
  region size 1024K, 8 young (8192K), 8 survivors (8192K)
 Metaspace       used 58172K, committed 59584K, reserved 278528K
  class space    used 6286K, committed 6912K, reserved 212992K
}
Event: 7.246 GC heap before
{Heap before GC invocations=19 (full 0):
 garbage-first heap   total 132096K, used 84245K [0x00000000e0000000, 0x0000000100000000)
  region size 1024K, 29 young (29696K), 8 survivors (8192K)
 Metaspace       used 59248K, committed 60672K, reserved 278528K
  class space    used 6372K, committed 6976K, reserved 212992K
}
Event: 7.249 GC heap after
{Heap after GC invocations=20 (full 0):
 garbage-first heap   total 132096K, used 59887K [0x00000000e0000000, 0x0000000100000000)
  region size 1024K, 2 young (2048K), 2 survivors (2048K)
 Metaspace       used 59248K, committed 60672K, reserved 278528K
  class space    used 6372K, committed 6976K, reserved 212992K
}
Event: 7.599 GC heap before
{Heap before GC invocations=21 (full 0):
 garbage-first heap   total 132096K, used 125423K [0x00000000e0000000, 0x0000000100000000)
  region size 1024K, 62 young (63488K), 2 survivors (2048K)
 Metaspace       used 63380K, committed 64832K, reserved 278528K
  class space    used 6765K, committed 7424K, reserved 212992K
}
Event: 7.603 GC heap after
{Heap after GC invocations=22 (full 0):
 garbage-first heap   total 136192K, used 68181K [0x00000000e0000000, 0x0000000100000000)
  region size 1024K, 8 young (8192K), 8 survivors (8192K)
 Metaspace       used 63380K, committed 64832K, reserved 278528K
  class space    used 6765K, committed 7424K, reserved 212992K
}
Event: 7.846 GC heap before
{Heap before GC invocations=22 (full 0):
 garbage-first heap   total 136192K, used 121429K [0x00000000e0000000, 0x0000000100000000)
  region size 1024K, 61 young (62464K), 8 survivors (8192K)
 Metaspace       used 65718K, committed 67136K, reserved 278528K
  class space    used 6962K, committed 7552K, reserved 212992K
}
Event: 7.851 GC heap after
{Heap after GC invocations=23 (full 0):
 garbage-first heap   total 139264K, used 73216K [0x00000000e0000000, 0x0000000100000000)
  region size 1024K, 7 young (7168K), 7 survivors (7168K)
 Metaspace       used 65718K, committed 67136K, reserved 278528K
  class space    used 6962K, committed 7552K, reserved 212992K
}
Event: 7.998 GC heap before
{Heap before GC invocations=23 (full 0):
 garbage-first heap   total 139264K, used 96768K [0x00000000e0000000, 0x0000000100000000)
  region size 1024K, 32 young (32768K), 7 survivors (7168K)
 Metaspace       used 66489K, committed 67968K, reserved 278528K
  class space    used 6995K, committed 7616K, reserved 212992K
}
Event: 8.001 GC heap after
{Heap after GC invocations=24 (full 0):
 garbage-first heap   total 139264K, used 74139K [0x00000000e0000000, 0x0000000100000000)
  region size 1024K, 4 young (4096K), 4 survivors (4096K)
 Metaspace       used 66489K, committed 67968K, reserved 278528K
  class space    used 6995K, committed 7616K, reserved 212992K
}
Event: 8.654 GC heap before
{Heap before GC invocations=25 (full 0):
 garbage-first heap   total 139264K, used 125339K [0x00000000e0000000, 0x0000000100000000)
  region size 1024K, 53 young (54272K), 4 survivors (4096K)
 Metaspace       used 67899K, committed 69376K, reserved 278528K
  class space    used 7113K, committed 7744K, reserved 212992K
}
Event: 8.658 GC heap after
{Heap after GC invocations=26 (full 0):
 garbage-first heap   total 139264K, used 76387K [0x00000000e0000000, 0x0000000100000000)
  region size 1024K, 7 young (7168K), 7 survivors (7168K)
 Metaspace       used 67899K, committed 69376K, reserved 278528K
  class space    used 7113K, committed 7744K, reserved 212992K
}
Event: 8.899 GC heap before
{Heap before GC invocations=26 (full 0):
 garbage-first heap   total 139264K, used 122467K [0x00000000e0000000, 0x0000000100000000)
  region size 1024K, 53 young (54272K), 7 survivors (7168K)
 Metaspace       used 68350K, committed 69824K, reserved 278528K
  class space    used 7159K, committed 7808K, reserved 212992K
}
Event: 8.904 GC heap after
{Heap after GC invocations=27 (full 0):
 garbage-first heap   total 139264K, used 75479K [0x00000000e0000000, 0x0000000100000000)
  region size 1024K, 4 young (4096K), 4 survivors (4096K)
 Metaspace       used 68350K, committed 69824K, reserved 278528K
  class space    used 7159K, committed 7808K, reserved 212992K
}
Event: 9.115 GC heap before
{Heap before GC invocations=27 (full 0):
 garbage-first heap   total 139264K, used 103127K [0x00000000e0000000, 0x0000000100000000)
  region size 1024K, 33 young (33792K), 4 survivors (4096K)
 Metaspace       used 68948K, committed 70464K, reserved 278528K
  class space    used 7199K, committed 7808K, reserved 212992K
}
Event: 9.116 GC heap after
{Heap after GC invocations=28 (full 0):
 garbage-first heap   total 139264K, used 75377K [0x00000000e0000000, 0x0000000100000000)
  region size 1024K, 4 young (4096K), 4 survivors (4096K)
 Metaspace       used 68948K, committed 70464K, reserved 278528K
  class space    used 7199K, committed 7808K, reserved 212992K
}
Event: 10.276 GC heap before
{Heap before GC invocations=29 (full 0):
 garbage-first heap   total 139264K, used 128404K [0x00000000e0000000, 0x0000000100000000)
  region size 1024K, 53 young (54272K), 4 survivors (4096K)
 Metaspace       used 70448K, committed 72000K, reserved 278528K
  class space    used 7374K, committed 8064K, reserved 212992K
}
Event: 10.282 GC heap after
{Heap after GC invocations=30 (full 0):
 garbage-first heap   total 139264K, used 77168K [0x00000000e0000000, 0x0000000100000000)
  region size 1024K, 6 young (6144K), 6 survivors (6144K)
 Metaspace       used 70448K, committed 72000K, reserved 278528K
  class space    used 7374K, committed 8064K, reserved 212992K
}
Event: 11.734 GC heap before
{Heap before GC invocations=30 (full 0):
 garbage-first heap   total 139264K, used 129392K [0x00000000e0000000, 0x0000000100000000)
  region size 1024K, 54 young (55296K), 6 survivors (6144K)
 Metaspace       used 71165K, committed 72704K, reserved 278528K
  class space    used 7416K, committed 8064K, reserved 212992K
}
Event: 11.740 GC heap after
{Heap after GC invocations=31 (full 0):
 garbage-first heap   total 150528K, used 78623K [0x00000000e0000000, 0x0000000100000000)
  region size 1024K, 7 young (7168K), 7 survivors (7168K)
 Metaspace       used 71165K, committed 72704K, reserved 278528K
  class space    used 7416K, committed 8064K, reserved 212992K
}

