# JRE version: OpenJDK Runtime Environment Temurin-21.0.11+10 (21.0.11+10) (build 21.0.11+10-LTS)
# Java VM: OpenJDK 64-Bit Server VM Temurin-21.0.11+10 (21.0.11+10-LTS, mixed mode, sharing, tiered, compressed oops, compressed class ptrs, parallel gc, windows-amd64)
GC Precious Log:
 CardTable entry size: 512
 CPUs: 12 total, 12 available
 Memory: 16024M
 Large Page Support: Disabled
 NUMA Support: Disabled
 Compressed Oops: Enabled (32-bit)
 Alignments: Space 512K, Generation 512K, Heap 2M
 Heap Min Capacity: 100M
 Heap Initial Capacity: 100M
 Heap Max Capacity: 2G
 Pre-touch: Disabled
 Parallel Workers: 10
Heap:
 PSYoungGen      total 15872K, used 11456K [0x00000000d5580000, 0x00000000d7380000, 0x0000000100000000)
  eden space 12800K, 65% used [0x00000000d5580000,0x00000000d5db10a8,0x00000000d6200000)
  from space 3072K, 99% used [0x00000000d6200000,0x00000000d64ff198,0x00000000d6500000)
  to   space 8704K, 0% used [0x00000000d6b00000,0x00000000d6b00000,0x00000000d7380000)
 ParOldGen       total 1398272K, used 117347K [0x0000000080000000, 0x00000000d5580000, 0x00000000d5580000)
  object space 1398272K, 8% used [0x0000000080000000,0x0000000087298f40,0x00000000d5580000)
 Metaspace       used 79437K, committed 81088K, reserved 1179648K
  class space    used 8209K, committed 9024K, reserved 1048576K
GC Heap History (20 events):
Event: 182.742 GC heap before
{Heap before GC invocations=134 (full 5):
 PSYoungGen      total 14848K, used 14836K [0x00000000d5580000, 0x00000000d6b00000, 0x0000000100000000)
  eden space 13824K, 100% used [0x00000000d5580000,0x00000000d6300000,0x00000000d6300000)
  from space 1024K, 98% used [0x00000000d6680000,0x00000000d677d230,0x00000000d6780000)
  to   space 3584K, 0% used [0x00000000d6300000,0x00000000d6300000,0x00000000d6680000)
 ParOldGen       total 1398272K, used 98912K [0x0000000080000000, 0x00000000d5580000, 0x00000000d5580000)
  object space 1398272K, 7% used [0x0000000080000000,0x0000000086098328,0x00000000d5580000)
 Metaspace       used 78988K, committed 80832K, reserved 1179648K
  class space    used 8187K, committed 9024K, reserved 1048576K
}
Event: 182.744 GC heap after
{Heap after GC invocations=134 (full 5):
 PSYoungGen      total 15872K, used 1859K [0x00000000d5580000, 0x00000000d6880000, 0x0000000100000000)
  eden space 13824K, 0% used [0x00000000d5580000,0x00000000d5580000,0x00000000d6300000)
  from space 2048K, 90% used [0x00000000d6300000,0x00000000d64d0d00,0x00000000d6500000)
  to   space 2560K, 0% used [0x00000000d6600000,0x00000000d6600000,0x00000000d6880000)
 ParOldGen       total 1398272K, used 99697K [0x0000000080000000, 0x00000000d5580000, 0x00000000d5580000)
  object space 1398272K, 7% used [0x0000000080000000,0x000000008615c558,0x00000000d5580000)
 Metaspace       used 78988K, committed 80832K, reserved 1179648K
  class space    used 8187K, committed 9024K, reserved 1048576K
}
Event: 186.481 GC heap before
{Heap before GC invocations=135 (full 5):
 PSYoungGen      total 15872K, used 15683K [0x00000000d5580000, 0x00000000d6880000, 0x0000000100000000)
  eden space 13824K, 100% used [0x00000000d5580000,0x00000000d6300000,0x00000000d6300000)
  from space 2048K, 90% used [0x00000000d6300000,0x00000000d64d0d00,0x00000000d6500000)
  to   space 2560K, 0% used [0x00000000d6600000,0x00000000d6600000,0x00000000d6880000)
 ParOldGen       total 1398272K, used 99697K [0x0000000080000000, 0x00000000d5580000, 0x00000000d5580000)
  object space 1398272K, 7% used [0x0000000080000000,0x000000008615c558,0x00000000d5580000)
 Metaspace       used 79045K, committed 80896K, reserved 1179648K
  class space    used 8192K, committed 9024K, reserved 1048576K
}
Event: 186.482 GC heap after
{Heap after GC invocations=135 (full 5):
 PSYoungGen      total 15360K, used 2535K [0x00000000d5580000, 0x00000000d6b80000, 0x0000000100000000)
  eden space 12800K, 0% used [0x00000000d5580000,0x00000000d5580000,0x00000000d6200000)
  from space 2560K, 99% used [0x00000000d6600000,0x00000000d6879f70,0x00000000d6880000)
  to   space 4096K, 0% used [0x00000000d6200000,0x00000000d6200000,0x00000000d6600000)
 ParOldGen       total 1398272K, used 100521K [0x0000000080000000, 0x00000000d5580000, 0x00000000d5580000)
  object space 1398272K, 7% used [0x0000000080000000,0x000000008622a568,0x00000000d5580000)
 Metaspace       used 79045K, committed 80896K, reserved 1179648K
  class space    used 8192K, committed 9024K, reserved 1048576K
}
Event: 186.884 GC heap before
{Heap before GC invocations=136 (full 5):
 PSYoungGen      total 15360K, used 15335K [0x00000000d5580000, 0x00000000d6b80000, 0x0000000100000000)
  eden space 12800K, 100% used [0x00000000d5580000,0x00000000d6200000,0x00000000d6200000)
  from space 2560K, 99% used [0x00000000d6600000,0x00000000d6879f70,0x00000000d6880000)
  to   space 4096K, 0% used [0x00000000d6200000,0x00000000d6200000,0x00000000d6600000)
 ParOldGen       total 1398272K, used 100521K [0x0000000080000000, 0x00000000d5580000, 0x00000000d5580000)
  object space 1398272K, 7% used [0x0000000080000000,0x000000008622a568,0x00000000d5580000)
 Metaspace       used 79091K, committed 80896K, reserved 1179648K
  class space    used 8193K, committed 9024K, reserved 1048576K
}
Event: 186.886 GC heap after
{Heap after GC invocations=136 (full 5):
 PSYoungGen      total 16896K, used 3165K [0x00000000d5580000, 0x00000000d6980000, 0x0000000100000000)
  eden space 12800K, 0% used [0x00000000d5580000,0x00000000d5580000,0x00000000d6200000)
  from space 4096K, 77% used [0x00000000d6200000,0x00000000d6517680,0x00000000d6600000)
  to   space 3584K, 0% used [0x00000000d6600000,0x00000000d6600000,0x00000000d6980000)
 ParOldGen       total 1398272K, used 102120K [0x0000000080000000, 0x00000000d5580000, 0x00000000d5580000)
  object space 1398272K, 7% used [0x0000000080000000,0x00000000863ba0e0,0x00000000d5580000)
 Metaspace       used 79091K, committed 80896K, reserved 1179648K
  class space    used 8193K, committed 9024K, reserved 1048576K
}
Event: 188.433 GC heap before
{Heap before GC invocations=137 (full 5):
 PSYoungGen      total 16896K, used 15965K [0x00000000d5580000, 0x00000000d6980000, 0x0000000100000000)
  eden space 12800K, 99% used [0x00000000d5580000,0x00000000d61fffe0,0x00000000d6200000)
  from space 4096K, 77% used [0x00000000d6200000,0x00000000d6517680,0x00000000d6600000)
  to   space 3584K, 0% used [0x00000000d6600000,0x00000000d6600000,0x00000000d6980000)
 ParOldGen       total 1398272K, used 102120K [0x0000000080000000, 0x00000000d5580000, 0x00000000d5580000)
  object space 1398272K, 7% used [0x0000000080000000,0x00000000863ba0e0,0x00000000d5580000)
 Metaspace       used 79180K, committed 80960K, reserved 1179648K
  class space    used 8197K, committed 9024K, reserved 1048576K
}
Event: 188.436 GC heap after
{Heap after GC invocations=137 (full 5):
 PSYoungGen      total 14848K, used 3564K [0x00000000d5580000, 0x00000000d6d80000, 0x0000000100000000)
  eden space 11264K, 0% used [0x00000000d5580000,0x00000000d5580000,0x00000000d6080000)
  from space 3584K, 99% used [0x00000000d6600000,0x00000000d697b320,0x00000000d6980000)
  to   space 5632K, 0% used [0x00000000d6080000,0x00000000d6080000,0x00000000d6600000)
 ParOldGen       total 1398272K, used 103767K [0x0000000080000000, 0x00000000d5580000, 0x00000000d5580000)
  object space 1398272K, 7% used [0x0000000080000000,0x0000000086555d90,0x00000000d5580000)
 Metaspace       used 79180K, committed 80960K, reserved 1179648K
  class space    used 8197K, committed 9024K, reserved 1048576K
}
Event: 188.584 GC heap before
{Heap before GC invocations=138 (full 5):
 PSYoungGen      total 14848K, used 14828K [0x00000000d5580000, 0x00000000d6d80000, 0x0000000100000000)
  eden space 11264K, 100% used [0x00000000d5580000,0x00000000d6080000,0x00000000d6080000)
  from space 3584K, 99% used [0x00000000d6600000,0x00000000d697b320,0x00000000d6980000)
  to   space 5632K, 0% used [0x00000000d6080000,0x00000000d6080000,0x00000000d6600000)
 ParOldGen       total 1398272K, used 103767K [0x0000000080000000, 0x00000000d5580000, 0x00000000d5580000)
  object space 1398272K, 7% used [0x0000000080000000,0x0000000086555d90,0x00000000d5580000)
 Metaspace       used 79230K, committed 80960K, reserved 1179648K
  class space    used 8197K, committed 9024K, reserved 1048576K
}
Event: 188.587 GC heap after
{Heap after GC invocations=138 (full 5):
 PSYoungGen      total 15360K, used 3821K [0x00000000d5580000, 0x00000000d6a00000, 0x0000000100000000)
  eden space 11264K, 0% used [0x00000000d5580000,0x00000000d5580000,0x00000000d6080000)
  from space 4096K, 93% used [0x00000000d6080000,0x00000000d643b7b0,0x00000000d6480000)
  to   space 4608K, 0% used [0x00000000d6580000,0x00000000d6580000,0x00000000d6a00000)
 ParOldGen       total 1398272K, used 105996K [0x0000000080000000, 0x00000000d5580000, 0x00000000d5580000)
  object space 1398272K, 7% used [0x0000000080000000,0x0000000086783090,0x00000000d5580000)
 Metaspace       used 79230K, committed 80960K, reserved 1179648K
  class space    used 8197K, committed 9024K, reserved 1048576K
}
Event: 260.541 GC heap before
{Heap before GC invocations=139 (full 5):
 PSYoungGen      total 15360K, used 15085K [0x00000000d5580000, 0x00000000d6a00000, 0x0000000100000000)
  eden space 11264K, 99% used [0x00000000d5580000,0x00000000d607fff0,0x00000000d6080000)
  from space 4096K, 93% used [0x00000000d6080000,0x00000000d643b7b0,0x00000000d6480000)
  to   space 4608K, 0% used [0x00000000d6580000,0x00000000d6580000,0x00000000d6a00000)
 ParOldGen       total 1398272K, used 105996K [0x0000000080000000, 0x00000000d5580000, 0x00000000d5580000)
  object space 1398272K, 7% used [0x0000000080000000,0x0000000086783090,0x00000000d5580000)
 Metaspace       used 79258K, committed 81024K, reserved 1179648K
  class space    used 8198K, committed 9024K, reserved 1048576K
}
Event: 260.543 GC heap after
{Heap after GC invocations=139 (full 5):
 PSYoungGen      total 14848K, used 2969K [0x00000000d5580000, 0x00000000d6880000, 0x0000000100000000)
  eden space 11776K, 0% used [0x00000000d5580000,0x00000000d5580000,0x00000000d6100000)
  from space 3072K, 96% used [0x00000000d6580000,0x00000000d68665b0,0x00000000d6880000)
  to   space 3584K, 0% used [0x00000000d6180000,0x00000000d6180000,0x00000000d6500000)
 ParOldGen       total 1398272K, used 106004K [0x0000000080000000, 0x00000000d5580000, 0x00000000d5580000)
  object space 1398272K, 7% used [0x0000000080000000,0x0000000086785090,0x00000000d5580000)
 Metaspace       used 79258K, committed 81024K, reserved 1179648K
  class space    used 8198K, committed 9024K, reserved 1048576K
}
Event: 261.114 GC heap before
{Heap before GC invocations=140 (full 5):
 PSYoungGen      total 14848K, used 14745K [0x00000000d5580000, 0x00000000d6880000, 0x0000000100000000)
  eden space 11776K, 100% used [0x00000000d5580000,0x00000000d6100000,0x00000000d6100000)
  from space 3072K, 96% used [0x00000000d6580000,0x00000000d68665b0,0x00000000d6880000)
  to   space 3584K, 0% used [0x00000000d6180000,0x00000000d6180000,0x00000000d6500000)
 ParOldGen       total 1398272K, used 106004K [0x0000000080000000, 0x00000000d5580000, 0x00000000d5580000)
  object space 1398272K, 7% used [0x0000000080000000,0x0000000086785090,0x00000000d5580000)
 Metaspace       used 79277K, committed 81024K, reserved 1179648K
  class space    used 8198K, committed 9024K, reserved 1048576K
}
Event: 263.117 GC heap after
{Heap after GC invocations=140 (full 5):
 PSYoungGen      total 15360K, used 3576K [0x00000000d5580000, 0x00000000d6880000, 0x0000000100000000)
  eden space 11776K, 0% used [0x00000000d5580000,0x00000000d5580000,0x00000000d6100000)
  from space 3584K, 99% used [0x00000000d6180000,0x00000000d64fe100,0x00000000d6500000)
  to   space 3072K, 0% used [0x00000000d6580000,0x00000000d6580000,0x00000000d6880000)
 ParOldGen       total 1398272K, used 106068K [0x0000000080000000, 0x00000000d5580000, 0x00000000d5580000)
  object space 1398272K, 7% used [0x0000000080000000,0x00000000867950a0,0x00000000d5580000)
 Metaspace       used 79277K, committed 81024K, reserved 1179648K
  class space    used 8198K, committed 9024K, reserved 1048576K
}
Event: 263.159 GC heap before
{Heap before GC invocations=141 (full 5):
 PSYoungGen      total 15360K, used 15352K [0x00000000d5580000, 0x00000000d6880000, 0x0000000100000000)
  eden space 11776K, 100% used [0x00000000d5580000,0x00000000d6100000,0x00000000d6100000)
  from space 3584K, 99% used [0x00000000d6180000,0x00000000d64fe100,0x00000000d6500000)
  to   space 3072K, 0% used [0x00000000d6580000,0x00000000d6580000,0x00000000d6880000)
 ParOldGen       total 1398272K, used 106068K [0x0000000080000000, 0x00000000d5580000, 0x00000000d5580000)
  object space 1398272K, 7% used [0x0000000080000000,0x00000000867950a0,0x00000000d5580000)
 Metaspace       used 79307K, committed 81024K, reserved 1179648K
  class space    used 8200K, committed 9024K, reserved 1048576K
}
Event: 263.162 GC heap after
{Heap after GC invocations=141 (full 5):
 PSYoungGen      total 14848K, used 2507K [0x00000000d5580000, 0x00000000d6800000, 0x0000000100000000)
  eden space 12288K, 0% used [0x00000000d5580000,0x00000000d5580000,0x00000000d6180000)
  from space 2560K, 97% used [0x00000000d6580000,0x00000000d67f2e80,0x00000000d6800000)
  to   space 3072K, 0% used [0x00000000d6200000,0x00000000d6200000,0x00000000d6500000)
 ParOldGen       total 1398272K, used 108809K [0x0000000080000000, 0x00000000d5580000, 0x00000000d5580000)
  object space 1398272K, 7% used [0x0000000080000000,0x0000000086a427a0,0x00000000d5580000)
 Metaspace       used 79307K, committed 81024K, reserved 1179648K
  class space    used 8200K, committed 9024K, reserved 1048576K
}
Event: 264.178 GC heap before
{Heap before GC invocations=142 (full 5):
 PSYoungGen      total 14848K, used 14795K [0x00000000d5580000, 0x00000000d6800000, 0x0000000100000000)
  eden space 12288K, 100% used [0x00000000d5580000,0x00000000d6180000,0x00000000d6180000)
  from space 2560K, 97% used [0x00000000d6580000,0x00000000d67f2e80,0x00000000d6800000)
  to   space 3072K, 0% used [0x00000000d6200000,0x00000000d6200000,0x00000000d6500000)
 ParOldGen       total 1398272K, used 108809K [0x0000000080000000, 0x00000000d5580000, 0x00000000d5580000)
  object space 1398272K, 7% used [0x0000000080000000,0x0000000086a427a0,0x00000000d5580000)
 Metaspace       used 79328K, committed 81024K, reserved 1179648K
  class space    used 8204K, committed 9024K, reserved 1048576K
}
Event: 264.183 GC heap after
{Heap after GC invocations=142 (full 5):
 PSYoungGen      total 15872K, used 3069K [0x00000000d5580000, 0x00000000d6c00000, 0x0000000100000000)
  eden space 12800K, 0% used [0x00000000d5580000,0x00000000d5580000,0x00000000d6200000)
  from space 3072K, 99% used [0x00000000d6200000,0x00000000d64ff740,0x00000000d6500000)
  to   space 5120K, 0% used [0x00000000d6700000,0x00000000d6700000,0x00000000d6c00000)
 ParOldGen       total 1398272K, used 110082K [0x0000000080000000, 0x00000000d5580000, 0x00000000d5580000)
  object space 1398272K, 7% used [0x0000000080000000,0x0000000086b80a98,0x00000000d5580000)
 Metaspace       used 79328K, committed 81024K, reserved 1179648K
  class space    used 8204K, committed 9024K, reserved 1048576K
}
Event: 264.243 GC heap before
{Heap before GC invocations=143 (full 5):
 PSYoungGen      total 15872K, used 15821K [0x00000000d5580000, 0x00000000d6c00000, 0x0000000100000000)
  eden space 12800K, 99% used [0x00000000d5580000,0x00000000d61f3dc8,0x00000000d6200000)
  from space 3072K, 99% used [0x00000000d6200000,0x00000000d64ff740,0x00000000d6500000)
  to   space 5120K, 0% used [0x00000000d6700000,0x00000000d6700000,0x00000000d6c00000)
 ParOldGen       total 1398272K, used 110082K [0x0000000080000000, 0x00000000d5580000, 0x00000000d5580000)
  object space 1398272K, 7% used [0x0000000080000000,0x0000000086b80a98,0x00000000d5580000)
 Metaspace       used 79370K, committed 81024K, reserved 1179648K
  class space    used 8207K, committed 9024K, reserved 1048576K
}
Event: 266.261 GC heap after
{Heap after GC invocations=143 (full 5):
 PSYoungGen      total 17920K, used 5115K [0x00000000d5580000, 0x00000000d6c00000, 0x0000000100000000)
  eden space 12800K, 0% used [0x00000000d5580000,0x00000000d5580000,0x00000000d6200000)
  from space 5120K, 99% used [0x00000000d6700000,0x00000000d6bfec00,0x00000000d6c00000)
  to   space 3072K, 0% used [0x00000000d6200000,0x00000000d6200000,0x00000000d6500000)
 ParOldGen       total 1398272K, used 112155K [0x0000000080000000, 0x00000000d5580000, 0x00000000d5580000)
  object space 1398272K, 8% used [0x0000000080000000,0x0000000086d86dd8,0x00000000d5580000)
 Metaspace       used 79370K, committed 81024K, reserved 1179648K
  class space    used 8207K, committed 9024K, reserved 1048576K
}

