# JRE version: Java(TM) SE Runtime Environment (17.0.12+8) (build 17.0.12+8-LTS-286)
# Java VM: Java HotSpot(TM) 64-Bit Server VM (17.0.12+8-LTS-286, mixed mode, sharing, tiered, compressed oops, compressed class ptrs, serial gc, windows-amd64)
GC Precious Log:
 CPUs: 12 total, 12 available
 Memory: 16024M
 Large Page Support: Disabled
 NUMA Support: Disabled
 Compressed Oops: Enabled (32-bit)
 Heap Min Capacity: 128M
 Heap Initial Capacity: 128M
 Heap Max Capacity: 512M
 Pre-touch: Disabled
Heap:
 def new generation   total 39424K, used 30460K [0x00000000e0000000, 0x00000000e2ac0000, 0x00000000eaaa0000)
  eden space 35072K,  74% used [0x00000000e0000000, 0x00000000e197f3d8, 0x00000000e2240000)
  from space 4352K, 100% used [0x00000000e2240000, 0x00000000e2680000, 0x00000000e2680000)
  to   space 4352K,   0% used [0x00000000e2680000, 0x00000000e2680000, 0x00000000e2ac0000)
 tenured generation   total 87424K, used 55265K [0x00000000eaaa0000, 0x00000000f0000000, 0x0000000100000000)
   the space 87424K,  63% used [0x00000000eaaa0000, 0x00000000ee098548, 0x00000000ee098600, 0x00000000f0000000)
 Metaspace       used 31469K, committed 31872K, reserved 278528K
  class space    used 3585K, committed 3776K, reserved 212992K
GC Heap History (20 events):
Event: 1.849 GC heap before
{Heap before GC invocations=3 (full 0):
 def new generation   total 39296K, used 39296K [0x00000000e0000000, 0x00000000e2aa0000, 0x00000000eaaa0000)
  eden space 34944K, 100% used [0x00000000e0000000, 0x00000000e2220000, 0x00000000e2220000)
  from space 4352K, 100% used [0x00000000e2660000, 0x00000000e2aa0000, 0x00000000e2aa0000)
  to   space 4352K,   0% used [0x00000000e2220000, 0x00000000e2220000, 0x00000000e2660000)
 tenured generation   total 87424K, used 4844K [0x00000000eaaa0000, 0x00000000f0000000, 0x0000000100000000)
   the space 87424K,   5% used [0x00000000eaaa0000, 0x00000000eaf5b158, 0x00000000eaf5b200, 0x00000000f0000000)
 Metaspace       used 15412K, committed 15616K, reserved 278528K
  class space    used 1853K, committed 1920K, reserved 212992K
}
Event: 1.865 GC heap after
{Heap after GC invocations=4 (full 0):
 def new generation   total 39296K, used 3919K [0x00000000e0000000, 0x00000000e2aa0000, 0x00000000eaaa0000)
  eden space 34944K,   0% used [0x00000000e0000000, 0x00000000e0000000, 0x00000000e2220000)
  from space 4352K,  90% used [0x00000000e2220000, 0x00000000e25f3e88, 0x00000000e2660000)
  to   space 4352K,   0% used [0x00000000e2660000, 0x00000000e2660000, 0x00000000e2aa0000)
 tenured generation   total 87424K, used 9065K [0x00000000eaaa0000, 0x00000000f0000000, 0x0000000100000000)
   the space 87424K,  10% used [0x00000000eaaa0000, 0x00000000eb37a638, 0x00000000eb37a800, 0x00000000f0000000)
 Metaspace       used 15412K, committed 15616K, reserved 278528K
  class space    used 1853K, committed 1920K, reserved 212992K
}
Event: 2.293 GC heap before
{Heap before GC invocations=4 (full 0):
 def new generation   total 39296K, used 38863K [0x00000000e0000000, 0x00000000e2aa0000, 0x00000000eaaa0000)
  eden space 34944K, 100% used [0x00000000e0000000, 0x00000000e2220000, 0x00000000e2220000)
  from space 4352K,  90% used [0x00000000e2220000, 0x00000000e25f3e88, 0x00000000e2660000)
  to   space 4352K,   0% used [0x00000000e2660000, 0x00000000e2660000, 0x00000000e2aa0000)
 tenured generation   total 87424K, used 9065K [0x00000000eaaa0000, 0x00000000f0000000, 0x0000000100000000)
   the space 87424K,  10% used [0x00000000eaaa0000, 0x00000000eb37a638, 0x00000000eb37a800, 0x00000000f0000000)
 Metaspace       used 15912K, committed 16192K, reserved 278528K
  class space    used 1869K, committed 1984K, reserved 212992K
}
Event: 2.299 GC heap after
{Heap after GC invocations=5 (full 0):
 def new generation   total 39296K, used 1326K [0x00000000e0000000, 0x00000000e2aa0000, 0x00000000eaaa0000)
  eden space 34944K,   0% used [0x00000000e0000000, 0x00000000e0000000, 0x00000000e2220000)
  from space 4352K,  30% used [0x00000000e2660000, 0x00000000e27aba70, 0x00000000e2aa0000)
  to   space 4352K,   0% used [0x00000000e2220000, 0x00000000e2220000, 0x00000000e2660000)
 tenured generation   total 87424K, used 12599K [0x00000000eaaa0000, 0x00000000f0000000, 0x0000000100000000)
   the space 87424K,  14% used [0x00000000eaaa0000, 0x00000000eb6ede58, 0x00000000eb6ee000, 0x00000000f0000000)
 Metaspace       used 15912K, committed 16192K, reserved 278528K
  class space    used 1869K, committed 1984K, reserved 212992K
}
Event: 2.789 GC heap before
{Heap before GC invocations=5 (full 0):
 def new generation   total 39296K, used 36270K [0x00000000e0000000, 0x00000000e2aa0000, 0x00000000eaaa0000)
  eden space 34944K, 100% used [0x00000000e0000000, 0x00000000e2220000, 0x00000000e2220000)
  from space 4352K,  30% used [0x00000000e2660000, 0x00000000e27aba70, 0x00000000e2aa0000)
  to   space 4352K,   0% used [0x00000000e2220000, 0x00000000e2220000, 0x00000000e2660000)
 tenured generation   total 87424K, used 12599K [0x00000000eaaa0000, 0x00000000f0000000, 0x0000000100000000)
   the space 87424K,  14% used [0x00000000eaaa0000, 0x00000000eb6ede58, 0x00000000eb6ee000, 0x00000000f0000000)
 Metaspace       used 19592K, committed 19904K, reserved 278528K
  class space    used 2290K, committed 2432K, reserved 212992K
}
Event: 2.796 GC heap after
{Heap after GC invocations=6 (full 0):
 def new generation   total 39296K, used 3481K [0x00000000e0000000, 0x00000000e2aa0000, 0x00000000eaaa0000)
  eden space 34944K,   0% used [0x00000000e0000000, 0x00000000e0000000, 0x00000000e2220000)
  from space 4352K,  79% used [0x00000000e2220000, 0x00000000e2586638, 0x00000000e2660000)
  to   space 4352K,   0% used [0x00000000e2660000, 0x00000000e2660000, 0x00000000e2aa0000)
 tenured generation   total 87424K, used 12599K [0x00000000eaaa0000, 0x00000000f0000000, 0x0000000100000000)
   the space 87424K,  14% used [0x00000000eaaa0000, 0x00000000eb6ede58, 0x00000000eb6ee000, 0x00000000f0000000)
 Metaspace       used 19592K, committed 19904K, reserved 278528K
  class space    used 2290K, committed 2432K, reserved 212992K
}
Event: 2.914 GC heap before
{Heap before GC invocations=6 (full 0):
 def new generation   total 39296K, used 16530K [0x00000000e0000000, 0x00000000e2aa0000, 0x00000000eaaa0000)
  eden space 34944K,  37% used [0x00000000e0000000, 0x00000000e0cbe240, 0x00000000e2220000)
  from space 4352K,  79% used [0x00000000e2220000, 0x00000000e2586638, 0x00000000e2660000)
  to   space 4352K,   0% used [0x00000000e2660000, 0x00000000e2660000, 0x00000000e2aa0000)
 tenured generation   total 87424K, used 12599K [0x00000000eaaa0000, 0x00000000f0000000, 0x0000000100000000)
   the space 87424K,  14% used [0x00000000eaaa0000, 0x00000000eb6ede58, 0x00000000eb6ee000, 0x00000000f0000000)
 Metaspace       used 21197K, committed 21504K, reserved 278528K
  class space    used 2520K, committed 2688K, reserved 212992K
}
Event: 2.948 GC heap after
{Heap after GC invocations=7 (full 1):
 def new generation   total 39424K, used 0K [0x00000000e0000000, 0x00000000e2ac0000, 0x00000000eaaa0000)
  eden space 35072K,   0% used [0x00000000e0000000, 0x00000000e0000000, 0x00000000e2240000)
  from space 4352K,   0% used [0x00000000e2240000, 0x00000000e2240000, 0x00000000e2680000)
  to   space 4352K,   0% used [0x00000000e2680000, 0x00000000e2680000, 0x00000000e2ac0000)
 tenured generation   total 87424K, used 22581K [0x00000000eaaa0000, 0x00000000f0000000, 0x0000000100000000)
   the space 87424K,  25% used [0x00000000eaaa0000, 0x00000000ec0ad668, 0x00000000ec0ad800, 0x00000000f0000000)
 Metaspace       used 21197K, committed 21504K, reserved 278528K
  class space    used 2520K, committed 2688K, reserved 212992K
}
Event: 3.406 GC heap before
{Heap before GC invocations=7 (full 1):
 def new generation   total 39424K, used 35072K [0x00000000e0000000, 0x00000000e2ac0000, 0x00000000eaaa0000)
  eden space 35072K, 100% used [0x00000000e0000000, 0x00000000e2240000, 0x00000000e2240000)
  from space 4352K,   0% used [0x00000000e2240000, 0x00000000e2240000, 0x00000000e2680000)
  to   space 4352K,   0% used [0x00000000e2680000, 0x00000000e2680000, 0x00000000e2ac0000)
 tenured generation   total 87424K, used 22581K [0x00000000eaaa0000, 0x00000000f0000000, 0x0000000100000000)
   the space 87424K,  25% used [0x00000000eaaa0000, 0x00000000ec0ad668, 0x00000000ec0ad800, 0x00000000f0000000)
 Metaspace       used 25713K, committed 26048K, reserved 278528K
  class space    used 3014K, committed 3136K, reserved 212992K
}
Event: 3.426 GC heap after
{Heap after GC invocations=8 (full 1):
 def new generation   total 39424K, used 4351K [0x00000000e0000000, 0x00000000e2ac0000, 0x00000000eaaa0000)
  eden space 35072K,   0% used [0x00000000e0000000, 0x00000000e0000000, 0x00000000e2240000)
  from space 4352K,  99% used [0x00000000e2680000, 0x00000000e2abfff8, 0x00000000e2ac0000)
  to   space 4352K,   0% used [0x00000000e2240000, 0x00000000e2240000, 0x00000000e2680000)
 tenured generation   total 87424K, used 29989K [0x00000000eaaa0000, 0x00000000f0000000, 0x0000000100000000)
   the space 87424K,  34% used [0x00000000eaaa0000, 0x00000000ec7e9600, 0x00000000ec7e9600, 0x00000000f0000000)
 Metaspace       used 25713K, committed 26048K, reserved 278528K
  class space    used 3014K, committed 3136K, reserved 212992K
}
Event: 3.911 GC heap before
{Heap before GC invocations=8 (full 1):
 def new generation   total 39424K, used 39423K [0x00000000e0000000, 0x00000000e2ac0000, 0x00000000eaaa0000)
  eden space 35072K, 100% used [0x00000000e0000000, 0x00000000e2240000, 0x00000000e2240000)
  from space 4352K,  99% used [0x00000000e2680000, 0x00000000e2abfff8, 0x00000000e2ac0000)
  to   space 4352K,   0% used [0x00000000e2240000, 0x00000000e2240000, 0x00000000e2680000)
 tenured generation   total 87424K, used 29989K [0x00000000eaaa0000, 0x00000000f0000000, 0x0000000100000000)
   the space 87424K,  34% used [0x00000000eaaa0000, 0x00000000ec7e9600, 0x00000000ec7e9600, 0x00000000f0000000)
 Metaspace       used 27075K, committed 27392K, reserved 278528K
  class space    used 3113K, committed 3264K, reserved 212992K
}
Event: 3.937 GC heap after
{Heap after GC invocations=9 (full 1):
 def new generation   total 39424K, used 4352K [0x00000000e0000000, 0x00000000e2ac0000, 0x00000000eaaa0000)
  eden space 35072K,   0% used [0x00000000e0000000, 0x00000000e0000000, 0x00000000e2240000)
  from space 4352K, 100% used [0x00000000e2240000, 0x00000000e2680000, 0x00000000e2680000)
  to   space 4352K,   0% used [0x00000000e2680000, 0x00000000e2680000, 0x00000000e2ac0000)
 tenured generation   total 87424K, used 35812K [0x00000000eaaa0000, 0x00000000f0000000, 0x0000000100000000)
   the space 87424K,  40% used [0x00000000eaaa0000, 0x00000000ecd990e0, 0x00000000ecd99200, 0x00000000f0000000)
 Metaspace       used 27075K, committed 27392K, reserved 278528K
  class space    used 3113K, committed 3264K, reserved 212992K
}
Event: 5.389 GC heap before
{Heap before GC invocations=9 (full 1):
 def new generation   total 39424K, used 39424K [0x00000000e0000000, 0x00000000e2ac0000, 0x00000000eaaa0000)
  eden space 35072K, 100% used [0x00000000e0000000, 0x00000000e2240000, 0x00000000e2240000)
  from space 4352K, 100% used [0x00000000e2240000, 0x00000000e2680000, 0x00000000e2680000)
  to   space 4352K,   0% used [0x00000000e2680000, 0x00000000e2680000, 0x00000000e2ac0000)
 tenured generation   total 87424K, used 35812K [0x00000000eaaa0000, 0x00000000f0000000, 0x0000000100000000)
   the space 87424K,  40% used [0x00000000eaaa0000, 0x00000000ecd990e0, 0x00000000ecd99200, 0x00000000f0000000)
 Metaspace       used 28470K, committed 28864K, reserved 278528K
  class space    used 3272K, committed 3456K, reserved 212992K
}
Event: 5.398 GC heap after
{Heap after GC invocations=10 (full 1):
 def new generation   total 39424K, used 624K [0x00000000e0000000, 0x00000000e2ac0000, 0x00000000eaaa0000)
  eden space 35072K,   0% used [0x00000000e0000000, 0x00000000e0000000, 0x00000000e2240000)
  from space 4352K,  14% used [0x00000000e2680000, 0x00000000e271c190, 0x00000000e2ac0000)
  to   space 4352K,   0% used [0x00000000e2240000, 0x00000000e2240000, 0x00000000e2680000)
 tenured generation   total 87424K, used 40156K [0x00000000eaaa0000, 0x00000000f0000000, 0x0000000100000000)
   the space 87424K,  45% used [0x00000000eaaa0000, 0x00000000ed1d7250, 0x00000000ed1d7400, 0x00000000f0000000)
 Metaspace       used 28470K, committed 28864K, reserved 278528K
  class space    used 3272K, committed 3456K, reserved 212992K
}
Event: 5.551 GC heap before
{Heap before GC invocations=10 (full 1):
 def new generation   total 39424K, used 35696K [0x00000000e0000000, 0x00000000e2ac0000, 0x00000000eaaa0000)
  eden space 35072K, 100% used [0x00000000e0000000, 0x00000000e2240000, 0x00000000e2240000)
  from space 4352K,  14% used [0x00000000e2680000, 0x00000000e271c190, 0x00000000e2ac0000)
  to   space 4352K,   0% used [0x00000000e2240000, 0x00000000e2240000, 0x00000000e2680000)
 tenured generation   total 87424K, used 40156K [0x00000000eaaa0000, 0x00000000f0000000, 0x0000000100000000)
   the space 87424K,  45% used [0x00000000eaaa0000, 0x00000000ed1d7250, 0x00000000ed1d7400, 0x00000000f0000000)
 Metaspace       used 28806K, committed 29184K, reserved 278528K
  class space    used 3290K, committed 3456K, reserved 212992K
}
Event: 5.554 GC heap after
{Heap after GC invocations=11 (full 1):
 def new generation   total 39424K, used 1099K [0x00000000e0000000, 0x00000000e2ac0000, 0x00000000eaaa0000)
  eden space 35072K,   0% used [0x00000000e0000000, 0x00000000e0000000, 0x00000000e2240000)
  from space 4352K,  25% used [0x00000000e2240000, 0x00000000e2352e40, 0x00000000e2680000)
  to   space 4352K,   0% used [0x00000000e2680000, 0x00000000e2680000, 0x00000000e2ac0000)
 tenured generation   total 87424K, used 40156K [0x00000000eaaa0000, 0x00000000f0000000, 0x0000000100000000)
   the space 87424K,  45% used [0x00000000eaaa0000, 0x00000000ed1d7250, 0x00000000ed1d7400, 0x00000000f0000000)
 Metaspace       used 28806K, committed 29184K, reserved 278528K
  class space    used 3290K, committed 3456K, reserved 212992K
}
Event: 6.202 GC heap before
{Heap before GC invocations=11 (full 1):
 def new generation   total 39424K, used 36171K [0x00000000e0000000, 0x00000000e2ac0000, 0x00000000eaaa0000)
  eden space 35072K, 100% used [0x00000000e0000000, 0x00000000e2240000, 0x00000000e2240000)
  from space 4352K,  25% used [0x00000000e2240000, 0x00000000e2352e40, 0x00000000e2680000)
  to   space 4352K,   0% used [0x00000000e2680000, 0x00000000e2680000, 0x00000000e2ac0000)
 tenured generation   total 87424K, used 40156K [0x00000000eaaa0000, 0x00000000f0000000, 0x0000000100000000)
   the space 87424K,  45% used [0x00000000eaaa0000, 0x00000000ed1d7250, 0x00000000ed1d7400, 0x00000000f0000000)
 Metaspace       used 30870K, committed 31232K, reserved 278528K
  class space    used 3516K, committed 3712K, reserved 212992K
}
Event: 6.214 GC heap after
{Heap after GC invocations=12 (full 1):
 def new generation   total 39424K, used 3948K [0x00000000e0000000, 0x00000000e2ac0000, 0x00000000eaaa0000)
  eden space 35072K,   0% used [0x00000000e0000000, 0x00000000e0000000, 0x00000000e2240000)
  from space 4352K,  90% used [0x00000000e2680000, 0x00000000e2a5b278, 0x00000000e2ac0000)
  to   space 4352K,   0% used [0x00000000e2240000, 0x00000000e2240000, 0x00000000e2680000)
 tenured generation   total 87424K, used 40156K [0x00000000eaaa0000, 0x00000000f0000000, 0x0000000100000000)
   the space 87424K,  45% used [0x00000000eaaa0000, 0x00000000ed1d7250, 0x00000000ed1d7400, 0x00000000f0000000)
 Metaspace       used 30870K, committed 31232K, reserved 278528K
  class space    used 3516K, committed 3712K, reserved 212992K
}
Event: 6.532 GC heap before
{Heap before GC invocations=12 (full 1):
 def new generation   total 39424K, used 39020K [0x00000000e0000000, 0x00000000e2ac0000, 0x00000000eaaa0000)
  eden space 35072K, 100% used [0x00000000e0000000, 0x00000000e2240000, 0x00000000e2240000)
  from space 4352K,  90% used [0x00000000e2680000, 0x00000000e2a5b278, 0x00000000e2ac0000)
  to   space 4352K,   0% used [0x00000000e2240000, 0x00000000e2240000, 0x00000000e2680000)
 tenured generation   total 87424K, used 40156K [0x00000000eaaa0000, 0x00000000f0000000, 0x0000000100000000)
   the space 87424K,  45% used [0x00000000eaaa0000, 0x00000000ed1d7250, 0x00000000ed1d7400, 0x00000000f0000000)
 Metaspace       used 30935K, committed 31360K, reserved 278528K
  class space    used 3517K, committed 3712K, reserved 212992K
}
Event: 6.559 GC heap after
{Heap after GC invocations=13 (full 1):
 def new generation   total 39424K, used 4352K [0x00000000e0000000, 0x00000000e2ac0000, 0x00000000eaaa0000)
  eden space 35072K,   0% used [0x00000000e0000000, 0x00000000e0000000, 0x00000000e2240000)
  from space 4352K, 100% used [0x00000000e2240000, 0x00000000e2680000, 0x00000000e2680000)
  to   space 4352K,   0% used [0x00000000e2680000, 0x00000000e2680000, 0x00000000e2ac0000)
 tenured generation   total 87424K, used 55265K [0x00000000eaaa0000, 0x00000000f0000000, 0x0000000100000000)
   the space 87424K,  63% used [0x00000000eaaa0000, 0x00000000ee098548, 0x00000000ee098600, 0x00000000f0000000)
 Metaspace       used 30935K, committed 31360K, reserved 278528K
  class space    used 3517K, committed 3712K, reserved 212992K
}

