# JRE version: Java(TM) SE Runtime Environment (17.0.12+8) (build 17.0.12+8-LTS-286)
# Java VM: Java HotSpot(TM) 64-Bit Server VM (17.0.12+8-LTS-286, mixed mode, sharing, tiered, compressed oops, compressed class ptrs, serial gc, windows-amd64)
GC Precious Log:
 CPUs: 12 total, 12 available
 Memory: 16024M
 Large Page Support: Disabled
 NUMA Support: Disabled
 Compressed Oops: Enabled (32-bit)
 Heap Min Capacity: 128M
 Heap Initial Capacity: 128M
 Heap Max Capacity: 512M
 Pre-touch: Disabled
Heap:
 def new generation   total 39424K, used 13412K [0x00000000e0000000, 0x00000000e2ac0000, 0x00000000eaaa0000)
  eden space 35072K,  32% used [0x00000000e0000000, 0x00000000e0b35c00, 0x00000000e2240000)
  from space 4352K,  44% used [0x00000000e2240000, 0x00000000e2423538, 0x00000000e2680000)
  to   space 4352K,   0% used [0x00000000e2680000, 0x00000000e2680000, 0x00000000e2ac0000)
 tenured generation   total 87424K, used 39946K [0x00000000eaaa0000, 0x00000000f0000000, 0x0000000100000000)
   the space 87424K,  45% used [0x00000000eaaa0000, 0x00000000ed1a2a98, 0x00000000ed1a2c00, 0x00000000f0000000)
 Metaspace       used 30646K, committed 31040K, reserved 278528K
  class space    used 3502K, committed 3648K, reserved 212992K
GC Heap History (20 events):
Event: 0.968 GC heap before
{Heap before GC invocations=1 (full 0):
 def new generation   total 39296K, used 38670K [0x00000000e0000000, 0x00000000e2aa0000, 0x00000000eaaa0000)
  eden space 34944K, 100% used [0x00000000e0000000, 0x00000000e2220000, 0x00000000e2220000)
  from space 4352K,  85% used [0x00000000e2660000, 0x00000000e2a03928, 0x00000000e2aa0000)
  to   space 4352K,   0% used [0x00000000e2220000, 0x00000000e2220000, 0x00000000e2660000)
 tenured generation   total 87424K, used 0K [0x00000000eaaa0000, 0x00000000f0000000, 0x0000000100000000)
   the space 87424K,   0% used [0x00000000eaaa0000, 0x00000000eaaa0000, 0x00000000eaaa0200, 0x00000000f0000000)
 Metaspace       used 10509K, committed 10624K, reserved 278528K
  class space    used 1292K, committed 1344K, reserved 212992K
}
Event: 0.974 GC heap after
{Heap after GC invocations=2 (full 0):
 def new generation   total 39296K, used 1819K [0x00000000e0000000, 0x00000000e2aa0000, 0x00000000eaaa0000)
  eden space 34944K,   0% used [0x00000000e0000000, 0x00000000e0000000, 0x00000000e2220000)
  from space 4352K,  41% used [0x00000000e2220000, 0x00000000e23e6ed0, 0x00000000e2660000)
  to   space 4352K,   0% used [0x00000000e2660000, 0x00000000e2660000, 0x00000000e2aa0000)
 tenured generation   total 87424K, used 3618K [0x00000000eaaa0000, 0x00000000f0000000, 0x0000000100000000)
   the space 87424K,   4% used [0x00000000eaaa0000, 0x00000000eae28890, 0x00000000eae28a00, 0x00000000f0000000)
 Metaspace       used 10509K, committed 10624K, reserved 278528K
  class space    used 1292K, committed 1344K, reserved 212992K
}
Event: 1.466 GC heap before
{Heap before GC invocations=2 (full 0):
 def new generation   total 39296K, used 36763K [0x00000000e0000000, 0x00000000e2aa0000, 0x00000000eaaa0000)
  eden space 34944K, 100% used [0x00000000e0000000, 0x00000000e2220000, 0x00000000e2220000)
  from space 4352K,  41% used [0x00000000e2220000, 0x00000000e23e6ed0, 0x00000000e2660000)
  to   space 4352K,   0% used [0x00000000e2660000, 0x00000000e2660000, 0x00000000e2aa0000)
 tenured generation   total 87424K, used 3618K [0x00000000eaaa0000, 0x00000000f0000000, 0x0000000100000000)
   the space 87424K,   4% used [0x00000000eaaa0000, 0x00000000eae28890, 0x00000000eae28a00, 0x00000000f0000000)
 Metaspace       used 14595K, committed 14784K, reserved 278528K
  class space    used 1781K, committed 1856K, reserved 212992K
}
Event: 1.474 GC heap after
{Heap after GC invocations=3 (full 0):
 def new generation   total 39296K, used 4352K [0x00000000e0000000, 0x00000000e2aa0000, 0x00000000eaaa0000)
  eden space 34944K,   0% used [0x00000000e0000000, 0x00000000e0000000, 0x00000000e2220000)
  from space 4352K, 100% used [0x00000000e2660000, 0x00000000e2aa0000, 0x00000000e2aa0000)
  to   space 4352K,   0% used [0x00000000e2220000, 0x00000000e2220000, 0x00000000e2660000)
 tenured generation   total 87424K, used 4843K [0x00000000eaaa0000, 0x00000000f0000000, 0x0000000100000000)
   the space 87424K,   5% used [0x00000000eaaa0000, 0x00000000eaf5ac08, 0x00000000eaf5ae00, 0x00000000f0000000)
 Metaspace       used 14595K, committed 14784K, reserved 278528K
  class space    used 1781K, committed 1856K, reserved 212992K
}
Event: 1.798 GC heap before
{Heap before GC invocations=3 (full 0):
 def new generation   total 39296K, used 39296K [0x00000000e0000000, 0x00000000e2aa0000, 0x00000000eaaa0000)
  eden space 34944K, 100% used [0x00000000e0000000, 0x00000000e2220000, 0x00000000e2220000)
  from space 4352K, 100% used [0x00000000e2660000, 0x00000000e2aa0000, 0x00000000e2aa0000)
  to   space 4352K,   0% used [0x00000000e2220000, 0x00000000e2220000, 0x00000000e2660000)
 tenured generation   total 87424K, used 4843K [0x00000000eaaa0000, 0x00000000f0000000, 0x0000000100000000)
   the space 87424K,   5% used [0x00000000eaaa0000, 0x00000000eaf5ac08, 0x00000000eaf5ae00, 0x00000000f0000000)
 Metaspace       used 15404K, committed 15616K, reserved 278528K
  class space    used 1855K, committed 1920K, reserved 212992K
}
Event: 1.807 GC heap after
{Heap after GC invocations=4 (full 0):
 def new generation   total 39296K, used 3918K [0x00000000e0000000, 0x00000000e2aa0000, 0x00000000eaaa0000)
  eden space 34944K,   0% used [0x00000000e0000000, 0x00000000e0000000, 0x00000000e2220000)
  from space 4352K,  90% used [0x00000000e2220000, 0x00000000e25f3a38, 0x00000000e2660000)
  to   space 4352K,   0% used [0x00000000e2660000, 0x00000000e2660000, 0x00000000e2aa0000)
 tenured generation   total 87424K, used 9062K [0x00000000eaaa0000, 0x00000000f0000000, 0x0000000100000000)
   the space 87424K,  10% used [0x00000000eaaa0000, 0x00000000eb379be8, 0x00000000eb379c00, 0x00000000f0000000)
 Metaspace       used 15404K, committed 15616K, reserved 278528K
  class space    used 1855K, committed 1920K, reserved 212992K
}
Event: 2.207 GC heap before
{Heap before GC invocations=4 (full 0):
 def new generation   total 39296K, used 38862K [0x00000000e0000000, 0x00000000e2aa0000, 0x00000000eaaa0000)
  eden space 34944K, 100% used [0x00000000e0000000, 0x00000000e2220000, 0x00000000e2220000)
  from space 4352K,  90% used [0x00000000e2220000, 0x00000000e25f3a38, 0x00000000e2660000)
  to   space 4352K,   0% used [0x00000000e2660000, 0x00000000e2660000, 0x00000000e2aa0000)
 tenured generation   total 87424K, used 9062K [0x00000000eaaa0000, 0x00000000f0000000, 0x0000000100000000)
   the space 87424K,  10% used [0x00000000eaaa0000, 0x00000000eb379be8, 0x00000000eb379c00, 0x00000000f0000000)
 Metaspace       used 15894K, committed 16128K, reserved 278528K
  class space    used 1871K, committed 1984K, reserved 212992K
}
Event: 2.213 GC heap after
{Heap after GC invocations=5 (full 0):
 def new generation   total 39296K, used 1325K [0x00000000e0000000, 0x00000000e2aa0000, 0x00000000eaaa0000)
  eden space 34944K,   0% used [0x00000000e0000000, 0x00000000e0000000, 0x00000000e2220000)
  from space 4352K,  30% used [0x00000000e2660000, 0x00000000e27ab6f0, 0x00000000e2aa0000)
  to   space 4352K,   0% used [0x00000000e2220000, 0x00000000e2220000, 0x00000000e2660000)
 tenured generation   total 87424K, used 12598K [0x00000000eaaa0000, 0x00000000f0000000, 0x0000000100000000)
   the space 87424K,  14% used [0x00000000eaaa0000, 0x00000000eb6eda00, 0x00000000eb6eda00, 0x00000000f0000000)
 Metaspace       used 15894K, committed 16128K, reserved 278528K
  class space    used 1871K, committed 1984K, reserved 212992K
}
Event: 2.813 GC heap before
{Heap before GC invocations=5 (full 0):
 def new generation   total 39296K, used 36269K [0x00000000e0000000, 0x00000000e2aa0000, 0x00000000eaaa0000)
  eden space 34944K, 100% used [0x00000000e0000000, 0x00000000e2220000, 0x00000000e2220000)
  from space 4352K,  30% used [0x00000000e2660000, 0x00000000e27ab6f0, 0x00000000e2aa0000)
  to   space 4352K,   0% used [0x00000000e2220000, 0x00000000e2220000, 0x00000000e2660000)
 tenured generation   total 87424K, used 12598K [0x00000000eaaa0000, 0x00000000f0000000, 0x0000000100000000)
   the space 87424K,  14% used [0x00000000eaaa0000, 0x00000000eb6eda00, 0x00000000eb6eda00, 0x00000000f0000000)
 Metaspace       used 19621K, committed 19904K, reserved 278528K
  class space    used 2293K, committed 2432K, reserved 212992K
}
Event: 2.818 GC heap after
{Heap after GC invocations=6 (full 0):
 def new generation   total 39296K, used 3483K [0x00000000e0000000, 0x00000000e2aa0000, 0x00000000eaaa0000)
  eden space 34944K,   0% used [0x00000000e0000000, 0x00000000e0000000, 0x00000000e2220000)
  from space 4352K,  80% used [0x00000000e2220000, 0x00000000e2586ff8, 0x00000000e2660000)
  to   space 4352K,   0% used [0x00000000e2660000, 0x00000000e2660000, 0x00000000e2aa0000)
 tenured generation   total 87424K, used 12598K [0x00000000eaaa0000, 0x00000000f0000000, 0x0000000100000000)
   the space 87424K,  14% used [0x00000000eaaa0000, 0x00000000eb6eda00, 0x00000000eb6eda00, 0x00000000f0000000)
 Metaspace       used 19621K, committed 19904K, reserved 278528K
  class space    used 2293K, committed 2432K, reserved 212992K
}
Event: 2.929 GC heap before
{Heap before GC invocations=6 (full 0):
 def new generation   total 39296K, used 15849K [0x00000000e0000000, 0x00000000e2aa0000, 0x00000000eaaa0000)
  eden space 34944K,  35% used [0x00000000e0000000, 0x00000000e0c13660, 0x00000000e2220000)
  from space 4352K,  80% used [0x00000000e2220000, 0x00000000e2586ff8, 0x00000000e2660000)
  to   space 4352K,   0% used [0x00000000e2660000, 0x00000000e2660000, 0x00000000e2aa0000)
 tenured generation   total 87424K, used 12598K [0x00000000eaaa0000, 0x00000000f0000000, 0x0000000100000000)
   the space 87424K,  14% used [0x00000000eaaa0000, 0x00000000eb6eda00, 0x00000000eb6eda00, 0x00000000f0000000)
 Metaspace       used 21160K, committed 21504K, reserved 278528K
  class space    used 2513K, committed 2688K, reserved 212992K
}
Event: 2.958 GC heap after
{Heap after GC invocations=7 (full 1):
 def new generation   total 39424K, used 0K [0x00000000e0000000, 0x00000000e2ac0000, 0x00000000eaaa0000)
  eden space 35072K,   0% used [0x00000000e0000000, 0x00000000e0000000, 0x00000000e2240000)
  from space 4352K,   0% used [0x00000000e2240000, 0x00000000e2240000, 0x00000000e2680000)
  to   space 4352K,   0% used [0x00000000e2680000, 0x00000000e2680000, 0x00000000e2ac0000)
 tenured generation   total 87424K, used 22573K [0x00000000eaaa0000, 0x00000000f0000000, 0x0000000100000000)
   the space 87424K,  25% used [0x00000000eaaa0000, 0x00000000ec0ab7e8, 0x00000000ec0ab800, 0x00000000f0000000)
 Metaspace       used 21160K, committed 21504K, reserved 278528K
  class space    used 2513K, committed 2688K, reserved 212992K
}
Event: 3.360 GC heap before
{Heap before GC invocations=7 (full 1):
 def new generation   total 39424K, used 35072K [0x00000000e0000000, 0x00000000e2ac0000, 0x00000000eaaa0000)
  eden space 35072K, 100% used [0x00000000e0000000, 0x00000000e2240000, 0x00000000e2240000)
  from space 4352K,   0% used [0x00000000e2240000, 0x00000000e2240000, 0x00000000e2680000)
  to   space 4352K,   0% used [0x00000000e2680000, 0x00000000e2680000, 0x00000000e2ac0000)
 tenured generation   total 87424K, used 22573K [0x00000000eaaa0000, 0x00000000f0000000, 0x0000000100000000)
   the space 87424K,  25% used [0x00000000eaaa0000, 0x00000000ec0ab7e8, 0x00000000ec0ab800, 0x00000000f0000000)
 Metaspace       used 25891K, committed 26240K, reserved 278528K
  class space    used 3033K, committed 3200K, reserved 212992K
}
Event: 3.373 GC heap after
{Heap after GC invocations=8 (full 1):
 def new generation   total 39424K, used 4352K [0x00000000e0000000, 0x00000000e2ac0000, 0x00000000eaaa0000)
  eden space 35072K,   0% used [0x00000000e0000000, 0x00000000e0000000, 0x00000000e2240000)
  from space 4352K, 100% used [0x00000000e2680000, 0x00000000e2ac0000, 0x00000000e2ac0000)
  to   space 4352K,   0% used [0x00000000e2240000, 0x00000000e2240000, 0x00000000e2680000)
 tenured generation   total 87424K, used 29937K [0x00000000eaaa0000, 0x00000000f0000000, 0x0000000100000000)
   the space 87424K,  34% used [0x00000000eaaa0000, 0x00000000ec7dc538, 0x00000000ec7dc600, 0x00000000f0000000)
 Metaspace       used 25891K, committed 26240K, reserved 278528K
  class space    used 3033K, committed 3200K, reserved 212992K
}
Event: 3.733 GC heap before
{Heap before GC invocations=8 (full 1):
 def new generation   total 39424K, used 39424K [0x00000000e0000000, 0x00000000e2ac0000, 0x00000000eaaa0000)
  eden space 35072K, 100% used [0x00000000e0000000, 0x00000000e2240000, 0x00000000e2240000)
  from space 4352K, 100% used [0x00000000e2680000, 0x00000000e2ac0000, 0x00000000e2ac0000)
  to   space 4352K,   0% used [0x00000000e2240000, 0x00000000e2240000, 0x00000000e2680000)
 tenured generation   total 87424K, used 29937K [0x00000000eaaa0000, 0x00000000f0000000, 0x0000000100000000)
   the space 87424K,  34% used [0x00000000eaaa0000, 0x00000000ec7dc538, 0x00000000ec7dc600, 0x00000000f0000000)
 Metaspace       used 27304K, committed 27648K, reserved 278528K
  class space    used 3127K, committed 3264K, reserved 212992K
}
Event: 3.749 GC heap after
{Heap after GC invocations=9 (full 1):
 def new generation   total 39424K, used 4352K [0x00000000e0000000, 0x00000000e2ac0000, 0x00000000eaaa0000)
  eden space 35072K,   0% used [0x00000000e0000000, 0x00000000e0000000, 0x00000000e2240000)
  from space 4352K, 100% used [0x00000000e2240000, 0x00000000e2680000, 0x00000000e2680000)
  to   space 4352K,   0% used [0x00000000e2680000, 0x00000000e2680000, 0x00000000e2ac0000)
 tenured generation   total 87424K, used 35603K [0x00000000eaaa0000, 0x00000000f0000000, 0x0000000100000000)
   the space 87424K,  40% used [0x00000000eaaa0000, 0x00000000ecd64d28, 0x00000000ecd64e00, 0x00000000f0000000)
 Metaspace       used 27304K, committed 27648K, reserved 278528K
  class space    used 3127K, committed 3264K, reserved 212992K
}
Event: 4.113 GC heap before
{Heap before GC invocations=9 (full 1):
 def new generation   total 39424K, used 39424K [0x00000000e0000000, 0x00000000e2ac0000, 0x00000000eaaa0000)
  eden space 35072K, 100% used [0x00000000e0000000, 0x00000000e2240000, 0x00000000e2240000)
  from space 4352K, 100% used [0x00000000e2240000, 0x00000000e2680000, 0x00000000e2680000)
  to   space 4352K,   0% used [0x00000000e2680000, 0x00000000e2680000, 0x00000000e2ac0000)
 tenured generation   total 87424K, used 35603K [0x00000000eaaa0000, 0x00000000f0000000, 0x0000000100000000)
   the space 87424K,  40% used [0x00000000eaaa0000, 0x00000000ecd64d28, 0x00000000ecd64e00, 0x00000000f0000000)
 Metaspace       used 28481K, committed 28800K, reserved 278528K
  class space    used 3272K, committed 3392K, reserved 212992K
}
Event: 4.120 GC heap after
{Heap after GC invocations=10 (full 1):
 def new generation   total 39424K, used 375K [0x00000000e0000000, 0x00000000e2ac0000, 0x00000000eaaa0000)
  eden space 35072K,   0% used [0x00000000e0000000, 0x00000000e0000000, 0x00000000e2240000)
  from space 4352K,   8% used [0x00000000e2680000, 0x00000000e26ddca8, 0x00000000e2ac0000)
  to   space 4352K,   0% used [0x00000000e2240000, 0x00000000e2240000, 0x00000000e2680000)
 tenured generation   total 87424K, used 39946K [0x00000000eaaa0000, 0x00000000f0000000, 0x0000000100000000)
   the space 87424K,  45% used [0x00000000eaaa0000, 0x00000000ed1a2a98, 0x00000000ed1a2c00, 0x00000000f0000000)
 Metaspace       used 28481K, committed 28800K, reserved 278528K
  class space    used 3272K, committed 3392K, reserved 212992K
}
Event: 4.466 GC heap before
{Heap before GC invocations=10 (full 1):
 def new generation   total 39424K, used 35447K [0x00000000e0000000, 0x00000000e2ac0000, 0x00000000eaaa0000)
  eden space 35072K, 100% used [0x00000000e0000000, 0x00000000e2240000, 0x00000000e2240000)
  from space 4352K,   8% used [0x00000000e2680000, 0x00000000e26ddca8, 0x00000000e2ac0000)
  to   space 4352K,   0% used [0x00000000e2240000, 0x00000000e2240000, 0x00000000e2680000)
 tenured generation   total 87424K, used 39946K [0x00000000eaaa0000, 0x00000000f0000000, 0x0000000100000000)
   the space 87424K,  45% used [0x00000000eaaa0000, 0x00000000ed1a2a98, 0x00000000ed1a2c00, 0x00000000f0000000)
 Metaspace       used 30158K, committed 30464K, reserved 278528K
  class space    used 3465K, committed 3584K, reserved 212992K
}
Event: 4.472 GC heap after
{Heap after GC invocations=11 (full 1):
 def new generation   total 39424K, used 1933K [0x00000000e0000000, 0x00000000e2ac0000, 0x00000000eaaa0000)
  eden space 35072K,   0% used [0x00000000e0000000, 0x00000000e0000000, 0x00000000e2240000)
  from space 4352K,  44% used [0x00000000e2240000, 0x00000000e2423538, 0x00000000e2680000)
  to   space 4352K,   0% used [0x00000000e2680000, 0x00000000e2680000, 0x00000000e2ac0000)
 tenured generation   total 87424K, used 39946K [0x00000000eaaa0000, 0x00000000f0000000, 0x0000000100000000)
   the space 87424K,  45% used [0x00000000eaaa0000, 0x00000000ed1a2a98, 0x00000000ed1a2c00, 0x00000000f0000000)
 Metaspace       used 30158K, committed 30464K, reserved 278528K
  class space    used 3465K, committed 3584K, reserved 212992K
}

